<?xml version="1.0" encoding="UTF-8"?>
<testsuite xmlns:xsi="http://www.w3.org/2001/XMLSchema-instance" xsi:noNamespaceSchemaLocation="https://maven.apache.org/surefire/maven-surefire-plugin/xsd/surefire-test-report-3.0.xsd" version="3.0" name="com.spartified.telecomApi.TelecomApiApplicationTests" time="5.315" tests="1" errors="0" skipped="0" failures="0">
  <properties>
    <property name="PATH" value="C:\Program Files\Common Files\Oracle\Java\javapath;C:\WINDOWS\system32;C:\WINDOWS;C:\WINDOWS\System32\Wbem;C:\WINDOWS\System32\WindowsPowerShell\v1.0\;C:\WINDOWS\System32\OpenSSH\;C:\Program Files\Java\jdk-20\bin;C:\Program Files\nodejs\;C:\Program Files\Git\cmd;C:\Program Files\MySQL\MySQL Server 8.0\bin;C:\Program Files\MongoDB\Server\8.0\bin;E:\apache-maven-3.9.9-bin\apache-maven-3.9.9\bin;C:\Program Files\Java\jdk-21\bin;C:\Users\bhara\AppData\Local\Programs\Python\Python313\Scripts\;C:\Users\bhara\AppData\Local\Programs\Python\Python313\;C:\Program Files\MySQL\MySQL Shell 8.0\bin\;C:\Users\bhara\AppData\Local\Programs\Microsoft VS Code\bin;C:\MinGW\bin;C:\Users\bhara\AppData\Roaming\npm;C:\Users\bhara\AppData\Local\Programs\Python\Python311\;C:\Users\bhara\AppData\Local\Programs\Python\Python311\Scripts\;C:\Users\bhara\AppData\Local\Microsoft\WindowsApps;C:\Users\bhara\AppData\Local\Programs\mongosh\"/>
    <property name="java.specification.version" value="21"/>
    <property name="sun.cpu.isalist" value="amd64"/>
    <property name="sun.jnu.encoding" value="Cp1252"/>
    <property name="SESSIONNAME" value="Console"/>
    <property name="ALLUSERSPROFILE" value="C:\ProgramData"/>
    <property name="sun.arch.data.model" value="64"/>
    <property name="PROGRAMFILES" value="C:\Program Files"/>
    <property name="java.vendor.url" value="https://java.oracle.com/"/>
    <property name="PSMODULEPATH" value="C:\Users\bhara\OneDrive\Documents\WindowsPowerShell\Modules;C:\Program Files\WindowsPowerShell\Modules;C:\WINDOWS\system32\WindowsPowerShell\v1.0\Modules"/>
    <property name="USERNAME" value="bhara"/>
    <property name="sun.boot.library.path" value="C:\Program Files\Java\jdk-21\bin"/>
    <property name="FPS_BROWSER_USER_PROFILE_STRING" value="Default"/>
    <property name="sun.java.command" value="C:\Users\bhara\AppData\Local\Temp\surefire3817287566850998920\surefirebooter-20250609204511224_3.jar C:\Users\bhara\AppData\Local\Temp\surefire3817287566850998920 2025-06-09T20-45-11_085-jvmRun1 surefire-20250609204511224_1tmp surefire_0-20250609204511224_2tmp"/>
    <property name="jdk.debug" value="release"/>
    <property name="PATHEXT" value=".COM;.EXE;.BAT;.CMD;.VBS;.VBE;.JS;.JSE;.WSF;.WSH;.MSC;.CPL"/>
    <property name="java.specification.vendor" value="Oracle Corporation"/>
    <property name="java.version.date" value="2025-01-21"/>
    <property name="java.home" value="C:\Program Files\Java\jdk-21"/>
    <property name="file.separator" value="\"/>
    <property name="basedir" value="E:\telecomApi\telecomApi"/>
    <property name="java.vm.compressedOopsMode" value="Zero based"/>
    <property name="line.separator" value="&#10;"/>
    <property name="HOMEPATH" value="\Users\bhara"/>
    <property name="java.vm.specification.vendor" value="Oracle Corporation"/>
    <property name="java.specification.name" value="Java Platform API Specification"/>
    <property name="TERM_SESSION_ID" value="73dc3321-8aab-4074-8620-bbca5d245b83"/>
    <property name="PROCESSOR_IDENTIFIER" value="Intel64 Family 6 Model 154 Stepping 4, GenuineIntel"/>
    <property name="PUBLIC" value="C:\Users\Public"/>
    <property name="=::" value="::\"/>
    <property name="ZES_ENABLE_SYSMAN" value="1"/>
    <property name="user.script" value=""/>
    <property name="sun.management.compiler" value="HotSpot 64-Bit Tiered Compilers"/>
    <property name="FPS_BROWSER_APP_PROFILE_STRING" value="Internet Explorer"/>
    <property name="java.runtime.version" value="21.0.6+8-LTS-188"/>
    <property name="JAVA_HOME" value="C:\Program Files\Java\jdk-21"/>
    <property name="PROMPT" value="$P$G"/>
    <property name="user.name" value="bhara"/>
    <property name="PROGRAMFILES(X86)" value="C:\Program Files (x86)"/>
    <property name="JETBRAINS_INTELLIJ_COMMAND_END_MARKER" value="7HxyofHrw9JSrEtb84o2iYefm4OOc7KwckBz61jgvUl0KcmfyqDPSC8Xm66wPP9W"/>
    <property name="ONLINESERVICES" value="Online Services"/>
    <property name="file.encoding" value="UTF-8"/>
    <property name="APPDATA" value="C:\Users\bhara\AppData\Roaming"/>
    <property name="localRepository" value="C:\Users\bhara\.m2\repository"/>
    <property name="PT7HOME" value="C:\Program Files\Cisco Packet Tracer 7.3.0"/>
    <property name="java.io.tmpdir" value="C:\Users\bhara\AppData\Local\Temp\"/>
    <property name="java.version" value="21.0.6"/>
    <property name="COMPUTERNAME" value="BHARAT"/>
    <property name="PID" value="25232"/>
    <property name="java.vm.specification.name" value="Java Virtual Machine Specification"/>
    <property name="MAVEN_PROJECTBASEDIR" value="E:\telecomApi\telecomApi"/>
    <property name="sun.os.patch.level" value=""/>
    <property name="CONSOLE_LOG_CHARSET" value="UTF-8"/>
    <property name="CLASSWORLDS_LAUNCHER" value="org.codehaus.plexus.classworlds.launcher.Launcher"/>
    <property name="TERMINAL_EMULATOR" value="JetBrains-JediTerm"/>
    <property name="native.encoding" value="Cp1252"/>
    <property name="java.library.path" value="C:\Program Files\Java\jdk-21\bin;C:\WINDOWS\Sun\Java\bin;C:\WINDOWS\system32;C:\WINDOWS;C:\Program Files\Common Files\Oracle\Java\javapath;C:\WINDOWS\system32;C:\WINDOWS;C:\WINDOWS\System32\Wbem;C:\WINDOWS\System32\WindowsPowerShell\v1.0\;C:\WINDOWS\System32\OpenSSH\;C:\Program Files\Java\jdk-20\bin;C:\Program Files\nodejs\;C:\Program Files\Git\cmd;C:\Program Files\MySQL\MySQL Server 8.0\bin;C:\Program Files\MongoDB\Server\8.0\bin;E:\apache-maven-3.9.9-bin\apache-maven-3.9.9\bin;C:\Program Files\Java\jdk-21\bin;C:\Users\bhara\AppData\Local\Programs\Python\Python313\Scripts\;C:\Users\bhara\AppData\Local\Programs\Python\Python313\;C:\Program Files\MySQL\MySQL Shell 8.0\bin\;C:\Users\bhara\AppData\Local\Programs\Microsoft VS Code\bin;C:\MinGW\bin;C:\Users\bhara\AppData\Roaming\npm;C:\Users\bhara\AppData\Local\Programs\Python\Python311\;C:\Users\bhara\AppData\Local\Programs\Python\Python311\Scripts\;C:\Users\bhara\AppData\Local\Microsoft\WindowsApps;C:\Users\bhara\AppData\Local\Programs\mongosh\;."/>
    <property name="stderr.encoding" value="Cp1252"/>
    <property name="java.vendor" value="Oracle Corporation"/>
    <property name="HOMEDRIVE" value="C:"/>
    <property name="sun.io.unicode.encoding" value="UnicodeLittle"/>
    <property name="MONGODB_URI" value="mongodb+srv://bharataggarwal0906:fHqCWfRNvvTRlnJB@telecomapimongodbcluste.tq41sag.mongodb.net/telecomdb?retryWrites=true&amp;w=majority&amp;appName=TelecomAPIMongoDBCluster"/>
    <property name="NUMBER_OF_PROCESSORS" value="12"/>
    <property name="JVMCONFIG" value="\.mvn\jvm.config"/>
    <property name="LOGGED_APPLICATION_NAME" value="[Telecom API] "/>
    <property name="USERDOMAIN_ROAMINGPROFILE" value="BHARAT"/>
    <property name="PROCESSOR_LEVEL" value="6"/>
    <property name="SYSTEMDRIVE" value="C:"/>
    <property name="java.class.path" value="E:\telecomApi\telecomApi\target\test-classes;E:\telecomApi\telecomApi\target\classes;C:\Users\bhara\.m2\repository\org\springframework\boot\spring-boot-starter-web\3.3.12\spring-boot-starter-web-3.3.12.jar;C:\Users\bhara\.m2\repository\org\springframework\boot\spring-boot-starter\3.3.12\spring-boot-starter-3.3.12.jar;C:\Users\bhara\.m2\repository\org\springframework\boot\spring-boot\3.3.12\spring-boot-3.3.12.jar;C:\Users\bhara\.m2\repository\org\springframework\boot\spring-boot-autoconfigure\3.3.12\spring-boot-autoconfigure-3.3.12.jar;C:\Users\bhara\.m2\repository\org\springframework\boot\spring-boot-starter-logging\3.3.12\spring-boot-starter-logging-3.3.12.jar;C:\Users\bhara\.m2\repository\ch\qos\logback\logback-classic\1.5.18\logback-classic-1.5.18.jar;C:\Users\bhara\.m2\repository\ch\qos\logback\logback-core\1.5.18\logback-core-1.5.18.jar;C:\Users\bhara\.m2\repository\org\apache\logging\log4j\log4j-to-slf4j\2.23.1\log4j-to-slf4j-2.23.1.jar;C:\Users\bhara\.m2\repository\org\apache\logging\log4j\log4j-api\2.23.1\log4j-api-2.23.1.jar;C:\Users\bhara\.m2\repository\org\slf4j\jul-to-slf4j\2.0.17\jul-to-slf4j-2.0.17.jar;C:\Users\bhara\.m2\repository\jakarta\annotation\jakarta.annotation-api\2.1.1\jakarta.annotation-api-2.1.1.jar;C:\Users\bhara\.m2\repository\org\yaml\snakeyaml\2.2\snakeyaml-2.2.jar;C:\Users\bhara\.m2\repository\org\springframework\boot\spring-boot-starter-json\3.3.12\spring-boot-starter-json-3.3.12.jar;C:\Users\bhara\.m2\repository\com\fasterxml\jackson\core\jackson-databind\2.17.3\jackson-databind-2.17.3.jar;C:\Users\bhara\.m2\repository\com\fasterxml\jackson\core\jackson-annotations\2.17.3\jackson-annotations-2.17.3.jar;C:\Users\bhara\.m2\repository\com\fasterxml\jackson\core\jackson-core\2.17.3\jackson-core-2.17.3.jar;C:\Users\bhara\.m2\repository\com\fasterxml\jackson\datatype\jackson-datatype-jdk8\2.17.3\jackson-datatype-jdk8-2.17.3.jar;C:\Users\bhara\.m2\repository\com\fasterxml\jackson\datatype\jackson-datatype-jsr310\2.17.3\jackson-datatype-jsr310-2.17.3.jar;C:\Users\bhara\.m2\repository\com\fasterxml\jackson\module\jackson-module-parameter-names\2.17.3\jackson-module-parameter-names-2.17.3.jar;C:\Users\bhara\.m2\repository\org\springframework\boot\spring-boot-starter-tomcat\3.3.12\spring-boot-starter-tomcat-3.3.12.jar;C:\Users\bhara\.m2\repository\org\apache\tomcat\embed\tomcat-embed-core\10.1.41\tomcat-embed-core-10.1.41.jar;C:\Users\bhara\.m2\repository\org\apache\tomcat\embed\tomcat-embed-el\10.1.41\tomcat-embed-el-10.1.41.jar;C:\Users\bhara\.m2\repository\org\apache\tomcat\embed\tomcat-embed-websocket\10.1.41\tomcat-embed-websocket-10.1.41.jar;C:\Users\bhara\.m2\repository\org\springframework\spring-web\6.1.20\spring-web-6.1.20.jar;C:\Users\bhara\.m2\repository\org\springframework\spring-beans\6.1.20\spring-beans-6.1.20.jar;C:\Users\bhara\.m2\repository\io\micrometer\micrometer-observation\1.13.14\micrometer-observation-1.13.14.jar;C:\Users\bhara\.m2\repository\io\micrometer\micrometer-commons\1.13.14\micrometer-commons-1.13.14.jar;C:\Users\bhara\.m2\repository\org\springframework\spring-webmvc\6.1.20\spring-webmvc-6.1.20.jar;C:\Users\bhara\.m2\repository\org\springframework\spring-aop\6.1.20\spring-aop-6.1.20.jar;C:\Users\bhara\.m2\repository\org\springframework\spring-context\6.1.20\spring-context-6.1.20.jar;C:\Users\bhara\.m2\repository\org\springframework\spring-expression\6.1.20\spring-expression-6.1.20.jar;C:\Users\bhara\.m2\repository\org\springframework\boot\spring-boot-starter-data-mongodb\3.3.12\spring-boot-starter-data-mongodb-3.3.12.jar;C:\Users\bhara\.m2\repository\org\mongodb\mongodb-driver-sync\5.0.1\mongodb-driver-sync-5.0.1.jar;C:\Users\bhara\.m2\repository\org\mongodb\bson\5.0.1\bson-5.0.1.jar;C:\Users\bhara\.m2\repository\org\mongodb\mongodb-driver-core\5.0.1\mongodb-driver-core-5.0.1.jar;C:\Users\bhara\.m2\repository\org\mongodb\bson-record-codec\5.0.1\bson-record-codec-5.0.1.jar;C:\Users\bhara\.m2\repository\org\springframework\data\spring-data-mongodb\4.3.12\spring-data-mongodb-4.3.12.jar;C:\Users\bhara\.m2\repository\org\springframework\spring-tx\6.1.20\spring-tx-6.1.20.jar;C:\Users\bhara\.m2\repository\org\springframework\data\spring-data-commons\3.3.12\spring-data-commons-3.3.12.jar;C:\Users\bhara\.m2\repository\org\slf4j\slf4j-api\2.0.17\slf4j-api-2.0.17.jar;C:\Users\bhara\.m2\repository\org\springframework\boot\spring-boot-starter-test\3.3.12\spring-boot-starter-test-3.3.12.jar;C:\Users\bhara\.m2\repository\org\springframework\boot\spring-boot-test\3.3.12\spring-boot-test-3.3.12.jar;C:\Users\bhara\.m2\repository\org\springframework\boot\spring-boot-test-autoconfigure\3.3.12\spring-boot-test-autoconfigure-3.3.12.jar;C:\Users\bhara\.m2\repository\com\jayway\jsonpath\json-path\2.9.0\json-path-2.9.0.jar;C:\Users\bhara\.m2\repository\jakarta\xml\bind\jakarta.xml.bind-api\4.0.2\jakarta.xml.bind-api-4.0.2.jar;C:\Users\bhara\.m2\repository\jakarta\activation\jakarta.activation-api\2.1.3\jakarta.activation-api-2.1.3.jar;C:\Users\bhara\.m2\repository\net\minidev\json-smart\2.5.2\json-smart-2.5.2.jar;C:\Users\bhara\.m2\repository\net\minidev\accessors-smart\2.5.2\accessors-smart-2.5.2.jar;C:\Users\bhara\.m2\repository\org\ow2\asm\asm\9.7.1\asm-9.7.1.jar;C:\Users\bhara\.m2\repository\org\assertj\assertj-core\3.25.3\assertj-core-3.25.3.jar;C:\Users\bhara\.m2\repository\net\bytebuddy\byte-buddy\1.14.19\byte-buddy-1.14.19.jar;C:\Users\bhara\.m2\repository\org\awaitility\awaitility\4.2.2\awaitility-4.2.2.jar;C:\Users\bhara\.m2\repository\org\hamcrest\hamcrest\2.2\hamcrest-2.2.jar;C:\Users\bhara\.m2\repository\org\junit\jupiter\junit-jupiter\5.10.5\junit-jupiter-5.10.5.jar;C:\Users\bhara\.m2\repository\org\junit\jupiter\junit-jupiter-api\5.10.5\junit-jupiter-api-5.10.5.jar;C:\Users\bhara\.m2\repository\org\opentest4j\opentest4j\1.3.0\opentest4j-1.3.0.jar;C:\Users\bhara\.m2\repository\org\junit\platform\junit-platform-commons\1.10.5\junit-platform-commons-1.10.5.jar;C:\Users\bhara\.m2\repository\org\apiguardian\apiguardian-api\1.1.2\apiguardian-api-1.1.2.jar;C:\Users\bhara\.m2\repository\org\junit\jupiter\junit-jupiter-params\5.10.5\junit-jupiter-params-5.10.5.jar;C:\Users\bhara\.m2\repository\org\junit\jupiter\junit-jupiter-engine\5.10.5\junit-jupiter-engine-5.10.5.jar;C:\Users\bhara\.m2\repository\org\junit\platform\junit-platform-engine\1.10.5\junit-platform-engine-1.10.5.jar;C:\Users\bhara\.m2\repository\org\mockito\mockito-core\5.11.0\mockito-core-5.11.0.jar;C:\Users\bhara\.m2\repository\net\bytebuddy\byte-buddy-agent\1.14.19\byte-buddy-agent-1.14.19.jar;C:\Users\bhara\.m2\repository\org\objenesis\objenesis\3.3\objenesis-3.3.jar;C:\Users\bhara\.m2\repository\org\mockito\mockito-junit-jupiter\5.11.0\mockito-junit-jupiter-5.11.0.jar;C:\Users\bhara\.m2\repository\org\skyscreamer\jsonassert\1.5.3\jsonassert-1.5.3.jar;C:\Users\bhara\.m2\repository\com\vaadin\external\google\android-json\0.0.20131108.vaadin1\android-json-0.0.20131108.vaadin1.jar;C:\Users\bhara\.m2\repository\org\springframework\spring-core\6.1.20\spring-core-6.1.20.jar;C:\Users\bhara\.m2\repository\org\springframework\spring-jcl\6.1.20\spring-jcl-6.1.20.jar;C:\Users\bhara\.m2\repository\org\springframework\spring-test\6.1.20\spring-test-6.1.20.jar;C:\Users\bhara\.m2\repository\org\xmlunit\xmlunit-core\2.9.1\xmlunit-core-2.9.1.jar;C:\Users\bhara\.m2\repository\org\springdoc\springdoc-openapi-starter-webmvc-ui\2.5.0\springdoc-openapi-starter-webmvc-ui-2.5.0.jar;C:\Users\bhara\.m2\repository\org\springdoc\springdoc-openapi-starter-webmvc-api\2.5.0\springdoc-openapi-starter-webmvc-api-2.5.0.jar;C:\Users\bhara\.m2\repository\org\springdoc\springdoc-openapi-starter-common\2.5.0\springdoc-openapi-starter-common-2.5.0.jar;C:\Users\bhara\.m2\repository\io\swagger\core\v3\swagger-core-jakarta\2.2.21\swagger-core-jakarta-2.2.21.jar;C:\Users\bhara\.m2\repository\org\apache\commons\commons-lang3\3.14.0\commons-lang3-3.14.0.jar;C:\Users\bhara\.m2\repository\io\swagger\core\v3\swagger-annotations-jakarta\2.2.21\swagger-annotations-jakarta-2.2.21.jar;C:\Users\bhara\.m2\repository\io\swagger\core\v3\swagger-models-jakarta\2.2.21\swagger-models-jakarta-2.2.21.jar;C:\Users\bhara\.m2\repository\com\fasterxml\jackson\dataformat\jackson-dataformat-yaml\2.17.3\jackson-dataformat-yaml-2.17.3.jar;C:\Users\bhara\.m2\repository\org\webjars\swagger-ui\5.13.0\swagger-ui-5.13.0.jar;C:\Users\bhara\.m2\repository\org\hibernate\validator\hibernate-validator\8.0.2.Final\hibernate-validator-8.0.2.Final.jar;C:\Users\bhara\.m2\repository\jakarta\validation\jakarta.validation-api\3.0.2\jakarta.validation-api-3.0.2.jar;C:\Users\bhara\.m2\repository\org\jboss\logging\jboss-logging\3.5.3.Final\jboss-logging-3.5.3.Final.jar;C:\Users\bhara\.m2\repository\com\fasterxml\classmate\1.7.0\classmate-1.7.0.jar;C:\Users\bhara\.m2\repository\io\github\cdimascio\dotenv-java\3.0.0\dotenv-java-3.0.0.jar;"/>
    <property name="PLATFORMCODE" value="KV"/>
    <property name="java.vm.vendor" value="Oracle Corporation"/>
    <property name="PROCESSOR_ARCHITECTURE" value="AMD64"/>
    <property name="DRIVERDATA" value="C:\Windows\System32\Drivers\DriverData"/>
    <property name="user.variant" value=""/>
    <property name="=E:" value="E:\telecomApi\telecomApi"/>
    <property name="MAVEN_HOME" value="E:\apache-maven-3.9.9-bin\apache-maven-3.9.9"/>
    <property name="user.timezone" value="Asia/Calcutta"/>
    <property name="org.jboss.logging.provider" value="slf4j"/>
    <property name="PROGRAMDATA" value="C:\ProgramData"/>
    <property name="os.name" value="Windows 11"/>
    <property name="java.vm.specification.version" value="21"/>
    <property name="sun.java.launcher" value="SUN_STANDARD"/>
    <property name="user.country" value="US"/>
    <property name="WDIR" value="E:\telecomApi\telecomApi"/>
    <property name="ONEDRIVE" value="C:\Users\bhara\OneDrive"/>
    <property name="surefire.test.class.path" value="E:\telecomApi\telecomApi\target\test-classes;E:\telecomApi\telecomApi\target\classes;C:\Users\bhara\.m2\repository\org\springframework\boot\spring-boot-starter-web\3.3.12\spring-boot-starter-web-3.3.12.jar;C:\Users\bhara\.m2\repository\org\springframework\boot\spring-boot-starter\3.3.12\spring-boot-starter-3.3.12.jar;C:\Users\bhara\.m2\repository\org\springframework\boot\spring-boot\3.3.12\spring-boot-3.3.12.jar;C:\Users\bhara\.m2\repository\org\springframework\boot\spring-boot-autoconfigure\3.3.12\spring-boot-autoconfigure-3.3.12.jar;C:\Users\bhara\.m2\repository\org\springframework\boot\spring-boot-starter-logging\3.3.12\spring-boot-starter-logging-3.3.12.jar;C:\Users\bhara\.m2\repository\ch\qos\logback\logback-classic\1.5.18\logback-classic-1.5.18.jar;C:\Users\bhara\.m2\repository\ch\qos\logback\logback-core\1.5.18\logback-core-1.5.18.jar;C:\Users\bhara\.m2\repository\org\apache\logging\log4j\log4j-to-slf4j\2.23.1\log4j-to-slf4j-2.23.1.jar;C:\Users\bhara\.m2\repository\org\apache\logging\log4j\log4j-api\2.23.1\log4j-api-2.23.1.jar;C:\Users\bhara\.m2\repository\org\slf4j\jul-to-slf4j\2.0.17\jul-to-slf4j-2.0.17.jar;C:\Users\bhara\.m2\repository\jakarta\annotation\jakarta.annotation-api\2.1.1\jakarta.annotation-api-2.1.1.jar;C:\Users\bhara\.m2\repository\org\yaml\snakeyaml\2.2\snakeyaml-2.2.jar;C:\Users\bhara\.m2\repository\org\springframework\boot\spring-boot-starter-json\3.3.12\spring-boot-starter-json-3.3.12.jar;C:\Users\bhara\.m2\repository\com\fasterxml\jackson\core\jackson-databind\2.17.3\jackson-databind-2.17.3.jar;C:\Users\bhara\.m2\repository\com\fasterxml\jackson\core\jackson-annotations\2.17.3\jackson-annotations-2.17.3.jar;C:\Users\bhara\.m2\repository\com\fasterxml\jackson\core\jackson-core\2.17.3\jackson-core-2.17.3.jar;C:\Users\bhara\.m2\repository\com\fasterxml\jackson\datatype\jackson-datatype-jdk8\2.17.3\jackson-datatype-jdk8-2.17.3.jar;C:\Users\bhara\.m2\repository\com\fasterxml\jackson\datatype\jackson-datatype-jsr310\2.17.3\jackson-datatype-jsr310-2.17.3.jar;C:\Users\bhara\.m2\repository\com\fasterxml\jackson\module\jackson-module-parameter-names\2.17.3\jackson-module-parameter-names-2.17.3.jar;C:\Users\bhara\.m2\repository\org\springframework\boot\spring-boot-starter-tomcat\3.3.12\spring-boot-starter-tomcat-3.3.12.jar;C:\Users\bhara\.m2\repository\org\apache\tomcat\embed\tomcat-embed-core\10.1.41\tomcat-embed-core-10.1.41.jar;C:\Users\bhara\.m2\repository\org\apache\tomcat\embed\tomcat-embed-el\10.1.41\tomcat-embed-el-10.1.41.jar;C:\Users\bhara\.m2\repository\org\apache\tomcat\embed\tomcat-embed-websocket\10.1.41\tomcat-embed-websocket-10.1.41.jar;C:\Users\bhara\.m2\repository\org\springframework\spring-web\6.1.20\spring-web-6.1.20.jar;C:\Users\bhara\.m2\repository\org\springframework\spring-beans\6.1.20\spring-beans-6.1.20.jar;C:\Users\bhara\.m2\repository\io\micrometer\micrometer-observation\1.13.14\micrometer-observation-1.13.14.jar;C:\Users\bhara\.m2\repository\io\micrometer\micrometer-commons\1.13.14\micrometer-commons-1.13.14.jar;C:\Users\bhara\.m2\repository\org\springframework\spring-webmvc\6.1.20\spring-webmvc-6.1.20.jar;C:\Users\bhara\.m2\repository\org\springframework\spring-aop\6.1.20\spring-aop-6.1.20.jar;C:\Users\bhara\.m2\repository\org\springframework\spring-context\6.1.20\spring-context-6.1.20.jar;C:\Users\bhara\.m2\repository\org\springframework\spring-expression\6.1.20\spring-expression-6.1.20.jar;C:\Users\bhara\.m2\repository\org\springframework\boot\spring-boot-starter-data-mongodb\3.3.12\spring-boot-starter-data-mongodb-3.3.12.jar;C:\Users\bhara\.m2\repository\org\mongodb\mongodb-driver-sync\5.0.1\mongodb-driver-sync-5.0.1.jar;C:\Users\bhara\.m2\repository\org\mongodb\bson\5.0.1\bson-5.0.1.jar;C:\Users\bhara\.m2\repository\org\mongodb\mongodb-driver-core\5.0.1\mongodb-driver-core-5.0.1.jar;C:\Users\bhara\.m2\repository\org\mongodb\bson-record-codec\5.0.1\bson-record-codec-5.0.1.jar;C:\Users\bhara\.m2\repository\org\springframework\data\spring-data-mongodb\4.3.12\spring-data-mongodb-4.3.12.jar;C:\Users\bhara\.m2\repository\org\springframework\spring-tx\6.1.20\spring-tx-6.1.20.jar;C:\Users\bhara\.m2\repository\org\springframework\data\spring-data-commons\3.3.12\spring-data-commons-3.3.12.jar;C:\Users\bhara\.m2\repository\org\slf4j\slf4j-api\2.0.17\slf4j-api-2.0.17.jar;C:\Users\bhara\.m2\repository\org\springframework\boot\spring-boot-starter-test\3.3.12\spring-boot-starter-test-3.3.12.jar;C:\Users\bhara\.m2\repository\org\springframework\boot\spring-boot-test\3.3.12\spring-boot-test-3.3.12.jar;C:\Users\bhara\.m2\repository\org\springframework\boot\spring-boot-test-autoconfigure\3.3.12\spring-boot-test-autoconfigure-3.3.12.jar;C:\Users\bhara\.m2\repository\com\jayway\jsonpath\json-path\2.9.0\json-path-2.9.0.jar;C:\Users\bhara\.m2\repository\jakarta\xml\bind\jakarta.xml.bind-api\4.0.2\jakarta.xml.bind-api-4.0.2.jar;C:\Users\bhara\.m2\repository\jakarta\activation\jakarta.activation-api\2.1.3\jakarta.activation-api-2.1.3.jar;C:\Users\bhara\.m2\repository\net\minidev\json-smart\2.5.2\json-smart-2.5.2.jar;C:\Users\bhara\.m2\repository\net\minidev\accessors-smart\2.5.2\accessors-smart-2.5.2.jar;C:\Users\bhara\.m2\repository\org\ow2\asm\asm\9.7.1\asm-9.7.1.jar;C:\Users\bhara\.m2\repository\org\assertj\assertj-core\3.25.3\assertj-core-3.25.3.jar;C:\Users\bhara\.m2\repository\net\bytebuddy\byte-buddy\1.14.19\byte-buddy-1.14.19.jar;C:\Users\bhara\.m2\repository\org\awaitility\awaitility\4.2.2\awaitility-4.2.2.jar;C:\Users\bhara\.m2\repository\org\hamcrest\hamcrest\2.2\hamcrest-2.2.jar;C:\Users\bhara\.m2\repository\org\junit\jupiter\junit-jupiter\5.10.5\junit-jupiter-5.10.5.jar;C:\Users\bhara\.m2\repository\org\junit\jupiter\junit-jupiter-api\5.10.5\junit-jupiter-api-5.10.5.jar;C:\Users\bhara\.m2\repository\org\opentest4j\opentest4j\1.3.0\opentest4j-1.3.0.jar;C:\Users\bhara\.m2\repository\org\junit\platform\junit-platform-commons\1.10.5\junit-platform-commons-1.10.5.jar;C:\Users\bhara\.m2\repository\org\apiguardian\apiguardian-api\1.1.2\apiguardian-api-1.1.2.jar;C:\Users\bhara\.m2\repository\org\junit\jupiter\junit-jupiter-params\5.10.5\junit-jupiter-params-5.10.5.jar;C:\Users\bhara\.m2\repository\org\junit\jupiter\junit-jupiter-engine\5.10.5\junit-jupiter-engine-5.10.5.jar;C:\Users\bhara\.m2\repository\org\junit\platform\junit-platform-engine\1.10.5\junit-platform-engine-1.10.5.jar;C:\Users\bhara\.m2\repository\org\mockito\mockito-core\5.11.0\mockito-core-5.11.0.jar;C:\Users\bhara\.m2\repository\net\bytebuddy\byte-buddy-agent\1.14.19\byte-buddy-agent-1.14.19.jar;C:\Users\bhara\.m2\repository\org\objenesis\objenesis\3.3\objenesis-3.3.jar;C:\Users\bhara\.m2\repository\org\mockito\mockito-junit-jupiter\5.11.0\mockito-junit-jupiter-5.11.0.jar;C:\Users\bhara\.m2\repository\org\skyscreamer\jsonassert\1.5.3\jsonassert-1.5.3.jar;C:\Users\bhara\.m2\repository\com\vaadin\external\google\android-json\0.0.20131108.vaadin1\android-json-0.0.20131108.vaadin1.jar;C:\Users\bhara\.m2\repository\org\springframework\spring-core\6.1.20\spring-core-6.1.20.jar;C:\Users\bhara\.m2\repository\org\springframework\spring-jcl\6.1.20\spring-jcl-6.1.20.jar;C:\Users\bhara\.m2\repository\org\springframework\spring-test\6.1.20\spring-test-6.1.20.jar;C:\Users\bhara\.m2\repository\org\xmlunit\xmlunit-core\2.9.1\xmlunit-core-2.9.1.jar;C:\Users\bhara\.m2\repository\org\springdoc\springdoc-openapi-starter-webmvc-ui\2.5.0\springdoc-openapi-starter-webmvc-ui-2.5.0.jar;C:\Users\bhara\.m2\repository\org\springdoc\springdoc-openapi-starter-webmvc-api\2.5.0\springdoc-openapi-starter-webmvc-api-2.5.0.jar;C:\Users\bhara\.m2\repository\org\springdoc\springdoc-openapi-starter-common\2.5.0\springdoc-openapi-starter-common-2.5.0.jar;C:\Users\bhara\.m2\repository\io\swagger\core\v3\swagger-core-jakarta\2.2.21\swagger-core-jakarta-2.2.21.jar;C:\Users\bhara\.m2\repository\org\apache\commons\commons-lang3\3.14.0\commons-lang3-3.14.0.jar;C:\Users\bhara\.m2\repository\io\swagger\core\v3\swagger-annotations-jakarta\2.2.21\swagger-annotations-jakarta-2.2.21.jar;C:\Users\bhara\.m2\repository\io\swagger\core\v3\swagger-models-jakarta\2.2.21\swagger-models-jakarta-2.2.21.jar;C:\Users\bhara\.m2\repository\com\fasterxml\jackson\dataformat\jackson-dataformat-yaml\2.17.3\jackson-dataformat-yaml-2.17.3.jar;C:\Users\bhara\.m2\repository\org\webjars\swagger-ui\5.13.0\swagger-ui-5.13.0.jar;C:\Users\bhara\.m2\repository\org\hibernate\validator\hibernate-validator\8.0.2.Final\hibernate-validator-8.0.2.Final.jar;C:\Users\bhara\.m2\repository\jakarta\validation\jakarta.validation-api\3.0.2\jakarta.validation-api-3.0.2.jar;C:\Users\bhara\.m2\repository\org\jboss\logging\jboss-logging\3.5.3.Final\jboss-logging-3.5.3.Final.jar;C:\Users\bhara\.m2\repository\com\fasterxml\classmate\1.7.0\classmate-1.7.0.jar;C:\Users\bhara\.m2\repository\io\github\cdimascio\dotenv-java\3.0.0\dotenv-java-3.0.0.jar;"/>
    <property name="sun.cpu.endian" value="little"/>
    <property name="user.home" value="C:\Users\bhara"/>
    <property name="user.language" value="en"/>
    <property name="ONEDRIVECONSUMER" value="C:\Users\bhara\OneDrive"/>
    <property name="CLASSWORLDS_JAR" value="&quot;E:\apache-maven-3.9.9-bin\apache-maven-3.9.9\boot\plexus-classworlds-2.8.0.jar&quot;"/>
    <property name="REGIONCODE" value="APJ"/>
    <property name="WINDIR" value="C:\WINDOWS"/>
    <property name="FILE_LOG_CHARSET" value="UTF-8"/>
    <property name="java.awt.headless" value="true"/>
    <property name="PSEXECUTIONPOLICYPREFERENCE" value="Bypass"/>
    <property name="surefire.real.class.path" value="C:\Users\bhara\AppData\Local\Temp\surefire3817287566850998920\surefirebooter-20250609204511224_3.jar"/>
    <property name="LOCALAPPDATA" value="C:\Users\bhara\AppData\Local"/>
    <property name="COMMONPROGRAMFILES(X86)" value="C:\Program Files (x86)\Common Files"/>
    <property name="USERDOMAIN" value="BHARAT"/>
    <property name="LOGONSERVER" value="\\BHARAT"/>
    <property name="stdout.encoding" value="Cp1252"/>
    <property name="path.separator" value=";"/>
    <property name="os.version" value="10.0"/>
    <property name="ERROR_CODE" value="0"/>
    <property name="EXEC_DIR" value="E:\telecomApi\telecomApi"/>
    <property name="java.runtime.name" value="Java(TM) SE Runtime Environment"/>
    <property name="EFC_11760_1592913036" value="1"/>
    <property name="QT_DEVICE_PIXEL_RATIO" value="auto"/>
    <property name="PROGRAMW6432" value="C:\Program Files"/>
    <property name="SYSTEMROOT" value="C:\WINDOWS"/>
    <property name="java.vm.name" value="Java HotSpot(TM) 64-Bit Server VM"/>
    <property name="MAVEN_CMD_LINE_ARGS" value="clean package"/>
    <property name="java.vendor.url.bug" value="https://bugreport.java.com/bugreport/"/>
    <property name="OS" value="Windows_NT"/>
    <property name="user.dir" value="E:\telecomApi\telecomApi"/>
    <property name="COMMONPROGRAMW6432" value="C:\Program Files\Common Files"/>
    <property name="os.arch" value="amd64"/>
    <property name="COMMONPROGRAMFILES" value="C:\Program Files\Common Files"/>
    <property name="COMSPEC" value="C:\WINDOWS\system32\cmd.exe"/>
    <property name="JAVACMD" value="C:\Program Files\Java\jdk-21\bin\java.exe"/>
    <property name="PROCESSOR_REVISION" value="9a04"/>
    <property name="TEMP" value="C:\Users\bhara\AppData\Local\Temp"/>
    <property name="java.vm.info" value="mixed mode, sharing"/>
    <property name="java.vm.version" value="21.0.6+8-LTS-188"/>
    <property name="USERPROFILE" value="C:\Users\bhara"/>
    <property name="TMP" value="C:\Users\bhara\AppData\Local\Temp"/>
    <property name="EFC_11760_2283032206" value="1"/>
    <property name="java.class.version" value="65.0"/>
  </properties>
  <testcase name="contextLoads" classname="com.spartified.telecomApi.TelecomApiApplicationTests" time="0.745">
    <system-out><![CDATA[20:45:12.006 [main] INFO org.springframework.test.context.support.AnnotationConfigContextLoaderUtils -- Could not detect default configuration classes for test class [com.spartified.telecomApi.TelecomApiApplicationTests]: TelecomApiApplicationTests does not declare any static, non-private, non-final, nested classes annotated with @Configuration.
20:45:12.111 [main] INFO org.springframework.boot.test.context.SpringBootTestContextBootstrapper -- Found @SpringBootConfiguration com.spartified.telecomApi.TelecomApplication for test class com.spartified.telecomApi.TelecomApiApplicationTests

  .   ____          _            __ _ _
 /\\ / ___'_ __ _ _(_)_ __  __ _ \ \ \ \
( ( )\___ | '_ | '_| | '_ \/ _` | \ \ \ \
 \\/  ___)| |_)| | | | | || (_| |  ) ) ) )
  '  |____| .__|_| |_|_| |_\__, | / / / /
 =========|_|==============|___/=/_/_/_/

 :: Spring Boot ::               (v3.3.12)

2025-06-09T20:45:12.547+05:30  INFO 25232 --- [Telecom API] [           main] c.s.t.TelecomApiApplicationTests         : Starting TelecomApiApplicationTests using Java 21.0.6 with PID 25232 (started by bhara in E:\telecomApi\telecomApi)
2025-06-09T20:45:12.549+05:30  INFO 25232 --- [Telecom API] [           main] c.s.t.TelecomApiApplicationTests         : No active profile set, falling back to 1 default profile: "default"
2025-06-09T20:45:13.470+05:30  INFO 25232 --- [Telecom API] [           main] .s.d.r.c.RepositoryConfigurationDelegate : Bootstrapping Spring Data MongoDB repositories in DEFAULT mode.
2025-06-09T20:45:13.577+05:30  INFO 25232 --- [Telecom API] [           main] .s.d.r.c.RepositoryConfigurationDelegate : Finished Spring Data repository scanning in 101 ms. Found 1 MongoDB repository interface.
2025-06-09T20:45:14.130+05:30  INFO 25232 --- [Telecom API] [sag.mongodb.net] org.mongodb.driver.cluster               : Adding discovered server ac-txasj4t-shard-00-01.tq41sag.mongodb.net:27017 to client view of cluster
2025-06-09T20:45:14.153+05:30  INFO 25232 --- [Telecom API] [           main] org.mongodb.driver.client                : MongoClient with metadata {"application": {"name": "TelecomAPIMongoDBCluster"}, "driver": {"name": "mongo-java-driver|sync|spring-boot", "version": "5.0.1"}, "os": {"type": "Windows", "name": "Windows 11", "architecture": "amd64", "version": "10.0"}, "platform": "Java/Oracle Corporation/21.0.6+8-LTS-188"} created with settings MongoClientSettings{readPreference=primary, writeConcern=WriteConcern{w=majority, wTimeout=null ms, journal=null}, retryWrites=true, retryReads=true, readConcern=ReadConcern{level=null}, credential=MongoCredential{mechanism=null, userName='bharataggarwal0906', source='admin', password=<hidden>, mechanismProperties=<hidden>}, transportSettings=null, commandListeners=[], codecRegistry=ProvidersCodecRegistry{codecProviders=[ValueCodecProvider{}, BsonValueCodecProvider{}, DBRefCodecProvider{}, DBObjectCodecProvider{}, DocumentCodecProvider{}, CollectionCodecProvider{}, IterableCodecProvider{}, MapCodecProvider{}, GeoJsonCodecProvider{}, GridFSFileCodecProvider{}, Jsr310CodecProvider{}, JsonObjectCodecProvider{}, BsonCodecProvider{}, EnumCodecProvider{}, com.mongodb.client.model.mql.ExpressionCodecProvider@6f25bf88, com.mongodb.Jep395RecordCodecProvider@42ea7565, com.mongodb.KotlinCodecProvider@7b5cc918]}, loggerSettings=LoggerSettings{maxDocumentLength=1000}, clusterSettings={hosts=[127.0.0.1:27017], srvHost=telecomapimongodbcluste.tq41sag.mongodb.net, srvServiceName=mongodb, mode=MULTIPLE, requiredClusterType=REPLICA_SET, requiredReplicaSetName='atlas-3kne4z-shard-0', serverSelector='null', clusterListeners='[]', serverSelectionTimeout='30000 ms', localThreshold='15 ms'}, socketSettings=SocketSettings{connectTimeoutMS=10000, readTimeoutMS=0, receiveBufferSize=0, proxySettings=ProxySettings{host=null, port=null, username=null, password=null}}, heartbeatSocketSettings=SocketSettings{connectTimeoutMS=10000, readTimeoutMS=10000, receiveBufferSize=0, proxySettings=ProxySettings{host=null, port=null, username=null, password=null}}, connectionPoolSettings=ConnectionPoolSettings{maxSize=100, minSize=0, maxWaitTimeMS=120000, maxConnectionLifeTimeMS=0, maxConnectionIdleTimeMS=0, maintenanceInitialDelayMS=0, maintenanceFrequencyMS=60000, connectionPoolListeners=[], maxConnecting=2}, serverSettings=ServerSettings{heartbeatFrequencyMS=10000, minHeartbeatFrequencyMS=500, serverListeners='[]', serverMonitorListeners='[]'}, sslSettings=SslSettings{enabled=true, invalidHostNameAllowed=false, context=null}, applicationName='TelecomAPIMongoDBCluster', compressorList=[], uuidRepresentation=JAVA_LEGACY, serverApi=null, autoEncryptionSettings=null, dnsClient=null, inetAddressResolver=null, contextProvider=null}
2025-06-09T20:45:14.165+05:30  INFO 25232 --- [Telecom API] [sag.mongodb.net] org.mongodb.driver.cluster               : Adding discovered server ac-txasj4t-shard-00-02.tq41sag.mongodb.net:27017 to client view of cluster
2025-06-09T20:45:14.168+05:30  INFO 25232 --- [Telecom API] [sag.mongodb.net] org.mongodb.driver.cluster               : Adding discovered server ac-txasj4t-shard-00-00.tq41sag.mongodb.net:27017 to client view of cluster
2025-06-09T20:45:14.647+05:30  INFO 25232 --- [Telecom API] [           main] org.mongodb.driver.cluster               : Waiting for server to become available for operation with ID 7. Remaining time: 30000 ms. Selector: WritableServerSelector, topology description: {type=REPLICA_SET, servers=[{address=ac-txasj4t-shard-00-01.tq41sag.mongodb.net:27017, type=UNKNOWN, state=CONNECTING}, {address=ac-txasj4t-shard-00-02.tq41sag.mongodb.net:27017, type=UNKNOWN, state=CONNECTING}, {address=ac-txasj4t-shard-00-00.tq41sag.mongodb.net:27017, type=UNKNOWN, state=CONNECTING}].
2025-06-09T20:45:14.897+05:30  INFO 25232 --- [Telecom API] [ngodb.net:27017] org.mongodb.driver.cluster               : Monitor thread successfully connected to server with description ServerDescription{address=ac-txasj4t-shard-00-01.tq41sag.mongodb.net:27017, type=REPLICA_SET_SECONDARY, state=CONNECTED, ok=true, minWireVersion=0, maxWireVersion=25, maxDocumentSize=16777216, logicalSessionTimeoutMinutes=30, roundTripTimeNanos=323690700, setName='atlas-3kne4z-shard-0', canonicalAddress=ac-txasj4t-shard-00-01.tq41sag.mongodb.net:27017, hosts=[ac-txasj4t-shard-00-00.tq41sag.mongodb.net:27017, ac-txasj4t-shard-00-01.tq41sag.mongodb.net:27017, ac-txasj4t-shard-00-02.tq41sag.mongodb.net:27017], passives=[], arbiters=[], primary='ac-txasj4t-shard-00-02.tq41sag.mongodb.net:27017', tagSet=TagSet{[Tag{name='availabilityZone', value='aps1-az3'}, Tag{name='diskState', value='READY'}, Tag{name='nodeType', value='ELECTABLE'}, Tag{name='provider', value='AWS'}, Tag{name='region', value='AP_SOUTH_1'}, Tag{name='workloadType', value='OPERATIONAL'}]}, electionId=null, setVersion=19, topologyVersion=TopologyVersion{processId=6842877ae975fa62e206e102, counter=5}, lastWriteDate=Mon Jun 09 20:45:14 IST 2025, lastUpdateTimeNanos=90361422097800}
2025-06-09T20:45:14.897+05:30  INFO 25232 --- [Telecom API] [ngodb.net:27017] org.mongodb.driver.cluster               : Monitor thread successfully connected to server with description ServerDescription{address=ac-txasj4t-shard-00-00.tq41sag.mongodb.net:27017, type=REPLICA_SET_SECONDARY, state=CONNECTED, ok=true, minWireVersion=0, maxWireVersion=25, maxDocumentSize=16777216, logicalSessionTimeoutMinutes=30, roundTripTimeNanos=323828100, setName='atlas-3kne4z-shard-0', canonicalAddress=ac-txasj4t-shard-00-00.tq41sag.mongodb.net:27017, hosts=[ac-txasj4t-shard-00-00.tq41sag.mongodb.net:27017, ac-txasj4t-shard-00-01.tq41sag.mongodb.net:27017, ac-txasj4t-shard-00-02.tq41sag.mongodb.net:27017], passives=[], arbiters=[], primary='ac-txasj4t-shard-00-02.tq41sag.mongodb.net:27017', tagSet=TagSet{[Tag{name='availabilityZone', value='aps1-az1'}, Tag{name='diskState', value='READY'}, Tag{name='nodeType', value='ELECTABLE'}, Tag{name='provider', value='AWS'}, Tag{name='region', value='AP_SOUTH_1'}, Tag{name='workloadType', value='OPERATIONAL'}]}, electionId=null, setVersion=19, topologyVersion=TopologyVersion{processId=684286252352f4609058f37f, counter=5}, lastWriteDate=Mon Jun 09 20:45:14 IST 2025, lastUpdateTimeNanos=90361422228300}
2025-06-09T20:45:14.898+05:30  INFO 25232 --- [Telecom API] [ngodb.net:27017] org.mongodb.driver.cluster               : Monitor thread successfully connected to server with description ServerDescription{address=ac-txasj4t-shard-00-02.tq41sag.mongodb.net:27017, type=REPLICA_SET_PRIMARY, state=CONNECTED, ok=true, minWireVersion=0, maxWireVersion=25, maxDocumentSize=16777216, logicalSessionTimeoutMinutes=30, roundTripTimeNanos=323694800, setName='atlas-3kne4z-shard-0', canonicalAddress=ac-txasj4t-shard-00-02.tq41sag.mongodb.net:27017, hosts=[ac-txasj4t-shard-00-00.tq41sag.mongodb.net:27017, ac-txasj4t-shard-00-01.tq41sag.mongodb.net:27017, ac-txasj4t-shard-00-02.tq41sag.mongodb.net:27017], passives=[], arbiters=[], primary='ac-txasj4t-shard-00-02.tq41sag.mongodb.net:27017', tagSet=TagSet{[Tag{name='availabilityZone', value='aps1-az2'}, Tag{name='diskState', value='READY'}, Tag{name='nodeType', value='ELECTABLE'}, Tag{name='provider', value='AWS'}, Tag{name='region', value='AP_SOUTH_1'}, Tag{name='workloadType', value='OPERATIONAL'}]}, electionId=7fffffff00000000000000e7, setVersion=19, topologyVersion=TopologyVersion{processId=68428511f5aac0d2ab12d5ae, counter=9}, lastWriteDate=Mon Jun 09 20:45:14 IST 2025, lastUpdateTimeNanos=90361422097900}
2025-06-09T20:45:14.901+05:30  INFO 25232 --- [Telecom API] [ngodb.net:27017] org.mongodb.driver.cluster               : Discovered replica set primary ac-txasj4t-shard-00-02.tq41sag.mongodb.net:27017 with max election id 7fffffff00000000000000e7 and max set version 19
2025-06-09T20:45:16.401+05:30  INFO 25232 --- [Telecom API] [           main] c.s.t.TelecomApiApplicationTests         : Started TelecomApiApplicationTests in 4.149 seconds (process running for 5.073)
]]></system-out>
    <system-err><![CDATA[WARNING: A Java agent has been loaded dynamically (C:\Users\bhara\.m2\repository\net\bytebuddy\byte-buddy-agent\1.14.19\byte-buddy-agent-1.14.19.jar)
WARNING: If a serviceability tool is in use, please run with -XX:+EnableDynamicAgentLoading to hide this warning
WARNING: If a serviceability tool is not in use, please run with -Djdk.instrument.traceUsage for more information
WARNING: Dynamic loading of agents will be disallowed by default in a future release
]]></system-err>
  </testcase>
</testsuite>